[2021-04-14 10:27:01:692][main] INFO  c.jsh.security.example.Application - Starting Application using Java 1.8.0_191 on DESKTOP-7ECUB86 with PID 91808 (D:\Documents\GitHub\security.example\build\classes\java\main started by DEV_PC in D:\Documents\GitHub\security.example)
[2021-04-14 10:27:01:700][main] DEBUG c.jsh.security.example.Application - Running with Spring Boot v2.4.4, Spring v5.3.5
[2021-04-14 10:27:01:700][main] INFO  c.jsh.security.example.Application - No active profile set, falling back to default profiles: default
[2021-04-14 10:27:03:2692][main] INFO  c.j.s.e.config.WebSecurityConfig - configure(AuthenticationManagerBuilder auth) call
[2021-04-14 10:27:04:4211][main] INFO  c.j.s.e.f.CustomAuthenticationFilter - CustomAuthenticationFilter CustomAuthenticationFilter(AuthenticationManager authenticationManager) call
[2021-04-14 10:27:04:4268][main] DEBUG c.j.s.e.f.CustomAuthenticationFilter - Filter 'customAuthenticationFilter' configured for use
[2021-04-14 10:27:04:4362][main] INFO  c.j.s.e.config.WebSecurityConfig - WebSecurityConfig configure(HttpSecurity http) call
[2021-04-14 10:27:04:4367][main] INFO  c.j.s.e.config.WebSecurityConfig - WebSecurityConfig configure(WebSecurity web)
[2021-04-14 10:27:05:4584][main] INFO  c.j.s.example.config.WebMvcConfig - WebMvcConfig addViewControllers call
[2021-04-14 10:27:05:4594][main] INFO  c.j.s.example.config.WebMvcConfig - WebMvcConfig addResourceHandlers call
[2021-04-14 10:27:05:4761][main] INFO  c.jsh.security.example.Application - Started Application in 4.53 seconds (JVM running for 5.014)
[2021-04-14 10:27:52:623][main] INFO  c.jsh.security.example.Application - Starting Application using Java 1.8.0_191 on DESKTOP-7ECUB86 with PID 91352 (D:\Documents\GitHub\security.example\build\classes\java\main started by DEV_PC in D:\Documents\GitHub\security.example)
[2021-04-14 10:27:52:625][main] DEBUG c.jsh.security.example.Application - Running with Spring Boot v2.4.4, Spring v5.3.5
[2021-04-14 10:27:52:625][main] INFO  c.jsh.security.example.Application - No active profile set, falling back to default profiles: default
[2021-04-14 10:27:54:2461][main] INFO  c.j.s.e.config.WebSecurityConfig - configure(AuthenticationManagerBuilder auth) call
[2021-04-14 10:27:56:3942][main] INFO  c.j.s.e.f.CustomAuthenticationFilter - CustomAuthenticationFilter CustomAuthenticationFilter(AuthenticationManager authenticationManager) call
[2021-04-14 10:27:56:4001][main] DEBUG c.j.s.e.f.CustomAuthenticationFilter - Filter 'customAuthenticationFilter' configured for use
[2021-04-14 10:27:56:4089][main] INFO  c.j.s.e.config.WebSecurityConfig - WebSecurityConfig configure(HttpSecurity http) call
[2021-04-14 10:27:56:4094][main] INFO  c.j.s.e.config.WebSecurityConfig - WebSecurityConfig configure(WebSecurity web)
[2021-04-14 10:27:56:4333][main] INFO  c.j.s.example.config.WebMvcConfig - WebMvcConfig addViewControllers call
[2021-04-14 10:27:56:4344][main] INFO  c.j.s.example.config.WebMvcConfig - WebMvcConfig addResourceHandlers call
[2021-04-14 10:27:56:4509][main] INFO  c.jsh.security.example.Application - Started Application in 4.311 seconds (JVM running for 4.734)
[2021-04-14 10:28:25:669][main] INFO  c.jsh.security.example.Application - Starting Application using Java 1.8.0_191 on DESKTOP-7ECUB86 with PID 91584 (D:\Documents\GitHub\security.example\build\classes\java\main started by DEV_PC in D:\Documents\GitHub\security.example)
[2021-04-14 10:28:25:671][main] DEBUG c.jsh.security.example.Application - Running with Spring Boot v2.4.4, Spring v5.3.5
[2021-04-14 10:28:25:672][main] INFO  c.jsh.security.example.Application - No active profile set, falling back to default profiles: default
[2021-04-14 10:28:27:2538][main] INFO  c.j.s.e.config.WebSecurityConfig - configure(AuthenticationManagerBuilder auth) call
[2021-04-14 10:28:28:4067][main] INFO  c.j.s.e.f.CustomAuthenticationFilter - CustomAuthenticationFilter CustomAuthenticationFilter(AuthenticationManager authenticationManager) call
[2021-04-14 10:28:28:4120][main] DEBUG c.j.s.e.f.CustomAuthenticationFilter - Filter 'customAuthenticationFilter' configured for use
[2021-04-14 10:28:28:4209][main] INFO  c.j.s.e.config.WebSecurityConfig - WebSecurityConfig configure(HttpSecurity http) call
[2021-04-14 10:28:28:4214][main] INFO  c.j.s.e.config.WebSecurityConfig - WebSecurityConfig configure(WebSecurity web)
[2021-04-14 10:28:29:4441][main] INFO  c.j.s.example.config.WebMvcConfig - WebMvcConfig addViewControllers call
[2021-04-14 10:28:29:4451][main] INFO  c.j.s.example.config.WebMvcConfig - WebMvcConfig addResourceHandlers call
[2021-04-14 10:28:29:4634][main] INFO  c.jsh.security.example.Application - Started Application in 4.428 seconds (JVM running for 4.856)
[2021-04-14 10:29:17:52617][http-nio-127.0.0.1-8081-exec-9] INFO  c.j.s.e.f.CustomAuthenticationFilter - CustomAuthenticationFilter attemptAuthentication(HttpServletRequest request, HttpServletResponse response) call
[2021-04-14 10:29:17:52618][http-nio-127.0.0.1-8081-exec-9] INFO  c.j.s.e.p.CustomAuthenticationProvider - CustomAuthenticationProvider authenticate(Authentication authentication) call
[2021-04-14 10:29:17:52619][http-nio-127.0.0.1-8081-exec-9] INFO  c.j.s.e.s.UserDetailsServiceImpl - UserDetailsServiceImpl loadUserByUsername(String userEmail) call
[2021-04-14 10:32:01:636][main] INFO  c.jsh.security.example.Application - Starting Application using Java 1.8.0_191 on DESKTOP-7ECUB86 with PID 91432 (D:\Documents\GitHub\security.example\build\classes\java\main started by DEV_PC in D:\Documents\GitHub\security.example)
[2021-04-14 10:32:01:638][main] INFO  c.jsh.security.example.Application - No active profile set, falling back to default profiles: default
[2021-04-14 10:32:03:2463][main] INFO  c.j.s.e.config.WebSecurityConfig - configure(AuthenticationManagerBuilder auth) call
[2021-04-14 10:32:04:3955][main] INFO  c.j.s.e.f.CustomAuthenticationFilter - CustomAuthenticationFilter CustomAuthenticationFilter(AuthenticationManager authenticationManager) call
[2021-04-14 10:32:04:4102][main] INFO  c.j.s.e.config.WebSecurityConfig - WebSecurityConfig configure(HttpSecurity http) call
[2021-04-14 10:32:04:4107][main] INFO  c.j.s.e.config.WebSecurityConfig - WebSecurityConfig configure(WebSecurity web)
[2021-04-14 10:32:05:4342][main] INFO  c.j.s.example.config.WebMvcConfig - WebMvcConfig addViewControllers call
[2021-04-14 10:32:05:4353][main] INFO  c.j.s.example.config.WebMvcConfig - WebMvcConfig addResourceHandlers call
[2021-04-14 10:32:05:4525][main] INFO  c.jsh.security.example.Application - Started Application in 4.328 seconds (JVM running for 4.747)
[2021-04-14 10:32:16:15731][http-nio-127.0.0.1-8081-exec-10] INFO  c.j.s.e.f.CustomAuthenticationFilter - CustomAuthenticationFilter attemptAuthentication(HttpServletRequest request, HttpServletResponse response) call
[2021-04-14 10:32:16:15731][http-nio-127.0.0.1-8081-exec-10] INFO  c.j.s.e.p.CustomAuthenticationProvider - CustomAuthenticationProvider authenticate(Authentication authentication) call
[2021-04-14 10:32:16:15732][http-nio-127.0.0.1-8081-exec-10] INFO  c.j.s.e.s.UserDetailsServiceImpl - UserDetailsServiceImpl loadUserByUsername(String userEmail) call
[2021-04-14 10:37:53:624][main] INFO  c.jsh.security.example.Application - Starting Application using Java 1.8.0_191 on DESKTOP-7ECUB86 with PID 45920 (D:\Documents\GitHub\security.example\build\classes\java\main started by DEV_PC in D:\Documents\GitHub\security.example)
[2021-04-14 10:37:53:627][main] INFO  c.jsh.security.example.Application - No active profile set, falling back to default profiles: default
[2021-04-14 10:37:55:2521][main] INFO  c.j.s.e.config.WebSecurityConfig - configure(AuthenticationManagerBuilder auth) call
[2021-04-14 10:37:56:3926][main] INFO  c.j.s.e.f.CustomAuthenticationFilter - CustomAuthenticationFilter CustomAuthenticationFilter(AuthenticationManager authenticationManager) call
[2021-04-14 10:37:57:4060][main] INFO  c.j.s.e.config.WebSecurityConfig - WebSecurityConfig configure(HttpSecurity http) call
[2021-04-14 10:37:57:4065][main] INFO  c.j.s.e.config.WebSecurityConfig - WebSecurityConfig configure(WebSecurity web)
[2021-04-14 10:37:57:4271][main] INFO  c.j.s.example.config.WebMvcConfig - WebMvcConfig addViewControllers call
[2021-04-14 10:37:57:4281][main] INFO  c.j.s.example.config.WebMvcConfig - WebMvcConfig addResourceHandlers call
[2021-04-14 10:37:57:4411][main] INFO  c.jsh.security.example.Application - Started Application in 4.216 seconds (JVM running for 4.627)
[2021-04-14 10:38:20:644][main] INFO  c.jsh.security.example.Application - Starting Application using Java 1.8.0_191 on DESKTOP-7ECUB86 with PID 48796 (D:\Documents\GitHub\security.example\build\classes\java\main started by DEV_PC in D:\Documents\GitHub\security.example)
[2021-04-14 10:38:20:646][main] INFO  c.jsh.security.example.Application - No active profile set, falling back to default profiles: default
[2021-04-14 10:38:22:2559][main] INFO  c.j.s.e.config.WebSecurityConfig - configure(AuthenticationManagerBuilder auth) call
[2021-04-14 10:38:23:4024][main] INFO  c.j.s.e.f.CustomAuthenticationFilter - CustomAuthenticationFilter CustomAuthenticationFilter(AuthenticationManager authenticationManager) call
[2021-04-14 10:38:24:4164][main] INFO  c.j.s.e.config.WebSecurityConfig - WebSecurityConfig configure(HttpSecurity http) call
[2021-04-14 10:38:24:4169][main] INFO  c.j.s.e.config.WebSecurityConfig - WebSecurityConfig configure(WebSecurity web)
[2021-04-14 10:38:24:4385][main] INFO  c.j.s.example.config.WebMvcConfig - WebMvcConfig addViewControllers call
[2021-04-14 10:38:24:4396][main] INFO  c.j.s.example.config.WebMvcConfig - WebMvcConfig addResourceHandlers call
[2021-04-14 10:38:24:4533][main] INFO  c.jsh.security.example.Application - Started Application in 4.332 seconds (JVM running for 4.757)
[2021-04-14 10:38:31:11218][http-nio-127.0.0.1-8081-exec-8] INFO  c.j.s.e.f.CustomAuthenticationFilter - CustomAuthenticationFilter attemptAuthentication(HttpServletRequest request, HttpServletResponse response) call
[2021-04-14 10:38:31:11219][http-nio-127.0.0.1-8081-exec-8] INFO  c.j.s.e.p.CustomAuthenticationProvider - CustomAuthenticationProvider authenticate(Authentication authentication) call
[2021-04-14 10:38:31:11220][http-nio-127.0.0.1-8081-exec-8] INFO  c.j.s.e.s.UserDetailsServiceImpl - UserDetailsServiceImpl loadUserByUsername(String userEmail) call
[2021-04-14 10:41:58:633][main] INFO  c.jsh.security.example.Application - Starting Application using Java 1.8.0_191 on DESKTOP-7ECUB86 with PID 87420 (D:\Documents\GitHub\security.example\build\classes\java\main started by DEV_PC in D:\Documents\GitHub\security.example)
[2021-04-14 10:41:58:636][main] INFO  c.jsh.security.example.Application - No active profile set, falling back to default profiles: default
[2021-04-14 10:42:00:2473][main] INFO  c.j.s.e.config.WebSecurityConfig - configure(AuthenticationManagerBuilder auth) call
[2021-04-14 10:42:01:3919][main] INFO  c.j.s.e.f.CustomAuthenticationFilter - CustomAuthenticationFilter CustomAuthenticationFilter(AuthenticationManager authenticationManager) call
[2021-04-14 10:42:01:4085][main] INFO  c.j.s.e.config.WebSecurityConfig - WebSecurityConfig configure(HttpSecurity http) call
[2021-04-14 10:42:01:4094][main] INFO  c.j.s.e.config.WebSecurityConfig - WebSecurityConfig configure(WebSecurity web)
[2021-04-14 10:42:02:4331][main] INFO  c.j.s.example.config.WebMvcConfig - WebMvcConfig addViewControllers call
[2021-04-14 10:42:02:4340][main] INFO  c.j.s.example.config.WebMvcConfig - WebMvcConfig addResourceHandlers call
[2021-04-14 10:42:02:4467][main] INFO  c.jsh.security.example.Application - Started Application in 4.268 seconds (JVM running for 4.684)
[2021-04-14 10:42:12:14180][http-nio-127.0.0.1-8081-exec-4] INFO  c.j.s.e.f.CustomAuthenticationFilter - CustomAuthenticationFilter attemptAuthentication(HttpServletRequest request, HttpServletResponse response) call
[2021-04-14 10:42:12:14180][http-nio-127.0.0.1-8081-exec-4] INFO  c.j.s.e.p.CustomAuthenticationProvider - CustomAuthenticationProvider authenticate(Authentication authentication) call
[2021-04-14 10:42:12:14181][http-nio-127.0.0.1-8081-exec-4] INFO  c.j.s.e.s.UserDetailsServiceImpl - UserDetailsServiceImpl loadUserByUsername(String userEmail) call
[2021-04-14 10:44:06:675][main] INFO  c.jsh.security.example.Application - Starting Application using Java 1.8.0_191 on DESKTOP-7ECUB86 with PID 76340 (D:\Documents\GitHub\security.example\build\classes\java\main started by DEV_PC in D:\Documents\GitHub\security.example)
[2021-04-14 10:44:06:677][main] INFO  c.jsh.security.example.Application - No active profile set, falling back to default profiles: default
[2021-04-14 10:44:08:2560][main] INFO  c.j.s.e.config.WebSecurityConfig - configure(AuthenticationManagerBuilder auth) call
[2021-04-14 10:44:09:3987][main] INFO  c.j.s.e.f.CustomAuthenticationFilter - CustomAuthenticationFilter CustomAuthenticationFilter(AuthenticationManager authenticationManager) call
[2021-04-14 10:44:09:4133][main] INFO  c.j.s.e.config.WebSecurityConfig - WebSecurityConfig configure(HttpSecurity http) call
[2021-04-14 10:44:09:4139][main] INFO  c.j.s.e.config.WebSecurityConfig - WebSecurityConfig configure(WebSecurity web)
[2021-04-14 10:44:10:4361][main] INFO  c.j.s.example.config.WebMvcConfig - WebMvcConfig addViewControllers call
[2021-04-14 10:44:10:4371][main] INFO  c.j.s.example.config.WebMvcConfig - WebMvcConfig addResourceHandlers call
[2021-04-14 10:44:10:4515][main] INFO  c.jsh.security.example.Application - Started Application in 4.276 seconds (JVM running for 4.739)
[2021-04-14 10:44:13:8265][http-nio-127.0.0.1-8081-exec-7] INFO  c.j.s.e.f.CustomAuthenticationFilter - CustomAuthenticationFilter attemptAuthentication(HttpServletRequest request, HttpServletResponse response) call
[2021-04-14 10:44:13:8265][http-nio-127.0.0.1-8081-exec-7] INFO  c.j.s.e.p.CustomAuthenticationProvider - CustomAuthenticationProvider authenticate(Authentication authentication) call
[2021-04-14 10:44:13:8266][http-nio-127.0.0.1-8081-exec-7] INFO  c.j.s.e.s.UserDetailsServiceImpl - UserDetailsServiceImpl loadUserByUsername(String userEmail) call
[2021-04-14 11:26:41:2555884][http-nio-127.0.0.1-8081-exec-10] INFO  c.j.s.e.f.CustomAuthenticationFilter - CustomAuthenticationFilter attemptAuthentication(HttpServletRequest request, HttpServletResponse response) call
[2021-04-14 11:26:41:2555885][http-nio-127.0.0.1-8081-exec-10] INFO  c.j.s.e.p.CustomAuthenticationProvider - CustomAuthenticationProvider authenticate(Authentication authentication) call
[2021-04-14 11:26:41:2555885][http-nio-127.0.0.1-8081-exec-10] INFO  c.j.s.e.s.UserDetailsServiceImpl - UserDetailsServiceImpl loadUserByUsername(String userEmail) call
[2021-04-14 11:26:41:2555953][http-nio-127.0.0.1-8081-exec-10] INFO  c.j.s.e.h.CustomLoginSuccessHanlder - CustomLoginSuccessHanlder onAuthenticationSuccess call
[2021-04-14 11:34:14:3009075][http-nio-127.0.0.1-8081-exec-7] INFO  c.j.s.e.f.CustomAuthenticationFilter - CustomAuthenticationFilter attemptAuthentication(HttpServletRequest request, HttpServletResponse response) call
[2021-04-14 11:34:14:3009075][http-nio-127.0.0.1-8081-exec-7] INFO  c.j.s.e.p.CustomAuthenticationProvider - CustomAuthenticationProvider authenticate(Authentication authentication) call
[2021-04-14 11:34:14:3009075][http-nio-127.0.0.1-8081-exec-7] INFO  c.j.s.e.s.UserDetailsServiceImpl - UserDetailsServiceImpl loadUserByUsername(String userEmail) call
[2021-04-14 11:34:14:3009079][http-nio-127.0.0.1-8081-exec-7] ERROR c.j.s.e.e.UserNotFoundException -  NotFoundException
com.jsh.security.example.exception.UserNotFoundException: null
	at com.jsh.security.example.service.UserDetailsServiceImpl.lambda$loadUserByUsername$1(UserDetailsServiceImpl.java:30)
	at java.util.Optional.orElseThrow(Optional.java:290)
	at com.jsh.security.example.service.UserDetailsServiceImpl.loadUserByUsername(UserDetailsServiceImpl.java:30)
	at com.jsh.security.example.provider.CustomAuthenticationProvider.authenticate(CustomAuthenticationProvider.java:33)
	at org.springframework.security.authentication.ProviderManager.authenticate(ProviderManager.java:182)
	at com.jsh.security.example.filter.CustomAuthenticationFilter.attemptAuthentication(CustomAuthenticationFilter.java:31)
	at org.springframework.security.web.authentication.AbstractAuthenticationProcessingFilter.doFilter(AbstractAuthenticationProcessingFilter.java:222)
	at org.springframework.security.web.authentication.AbstractAuthenticationProcessingFilter.doFilter(AbstractAuthenticationProcessingFilter.java:212)
	at org.springframework.security.web.FilterChainProxy$VirtualFilterChain.doFilter(FilterChainProxy.java:336)
	at org.springframework.security.web.authentication.logout.LogoutFilter.doFilter(LogoutFilter.java:103)
	at org.springframework.security.web.authentication.logout.LogoutFilter.doFilter(LogoutFilter.java:89)
	at org.springframework.security.web.FilterChainProxy$VirtualFilterChain.doFilter(FilterChainProxy.java:336)
	at org.springframework.security.web.header.HeaderWriterFilter.doHeadersAfter(HeaderWriterFilter.java:90)
	at org.springframework.security.web.header.HeaderWriterFilter.doFilterInternal(HeaderWriterFilter.java:75)
	at org.springframework.web.filter.OncePerRequestFilter.doFilter(OncePerRequestFilter.java:119)
	at org.springframework.security.web.FilterChainProxy$VirtualFilterChain.doFilter(FilterChainProxy.java:336)
	at org.springframework.security.web.context.SecurityContextPersistenceFilter.doFilter(SecurityContextPersistenceFilter.java:110)
	at org.springframework.security.web.context.SecurityContextPersistenceFilter.doFilter(SecurityContextPersistenceFilter.java:80)
	at org.springframework.security.web.FilterChainProxy$VirtualFilterChain.doFilter(FilterChainProxy.java:336)
	at org.springframework.security.web.context.request.async.WebAsyncManagerIntegrationFilter.doFilterInternal(WebAsyncManagerIntegrationFilter.java:55)
	at org.springframework.web.filter.OncePerRequestFilter.doFilter(OncePerRequestFilter.java:119)
	at org.springframework.security.web.FilterChainProxy$VirtualFilterChain.doFilter(FilterChainProxy.java:336)
	at org.springframework.security.web.FilterChainProxy.doFilterInternal(FilterChainProxy.java:211)
	at org.springframework.security.web.FilterChainProxy.doFilter(FilterChainProxy.java:183)
	at org.springframework.web.filter.DelegatingFilterProxy.invokeDelegate(DelegatingFilterProxy.java:358)
	at org.springframework.web.filter.DelegatingFilterProxy.doFilter(DelegatingFilterProxy.java:271)
	at org.apache.catalina.core.ApplicationFilterChain.internalDoFilter(ApplicationFilterChain.java:189)
	at org.apache.catalina.core.ApplicationFilterChain.doFilter(ApplicationFilterChain.java:162)
	at org.springframework.web.filter.RequestContextFilter.doFilterInternal(RequestContextFilter.java:100)
	at org.springframework.web.filter.OncePerRequestFilter.doFilter(OncePerRequestFilter.java:119)
	at org.apache.catalina.core.ApplicationFilterChain.internalDoFilter(ApplicationFilterChain.java:189)
	at org.apache.catalina.core.ApplicationFilterChain.doFilter(ApplicationFilterChain.java:162)
	at org.springframework.web.filter.FormContentFilter.doFilterInternal(FormContentFilter.java:93)
	at org.springframework.web.filter.OncePerRequestFilter.doFilter(OncePerRequestFilter.java:119)
	at org.apache.catalina.core.ApplicationFilterChain.internalDoFilter(ApplicationFilterChain.java:189)
	at org.apache.catalina.core.ApplicationFilterChain.doFilter(ApplicationFilterChain.java:162)
	at org.springframework.web.filter.CharacterEncodingFilter.doFilterInternal(CharacterEncodingFilter.java:201)
	at org.springframework.web.filter.OncePerRequestFilter.doFilter(OncePerRequestFilter.java:119)
	at org.apache.catalina.core.ApplicationFilterChain.internalDoFilter(ApplicationFilterChain.java:189)
	at org.apache.catalina.core.ApplicationFilterChain.doFilter(ApplicationFilterChain.java:162)
	at org.apache.catalina.core.StandardWrapperValve.invoke(StandardWrapperValve.java:202)
	at org.apache.catalina.core.StandardContextValve.invoke(StandardContextValve.java:97)
	at org.apache.catalina.authenticator.AuthenticatorBase.invoke(AuthenticatorBase.java:542)
	at org.apache.catalina.core.StandardHostValve.invoke(StandardHostValve.java:143)
	at org.apache.catalina.valves.ErrorReportValve.invoke(ErrorReportValve.java:92)
	at org.apache.catalina.core.StandardEngineValve.invoke(StandardEngineValve.java:78)
	at org.apache.catalina.connector.CoyoteAdapter.service(CoyoteAdapter.java:357)
	at org.apache.coyote.http11.Http11Processor.service(Http11Processor.java:374)
	at org.apache.coyote.AbstractProcessorLight.process(AbstractProcessorLight.java:65)
	at org.apache.coyote.AbstractProtocol$ConnectionHandler.process(AbstractProtocol.java:893)
	at org.apache.tomcat.util.net.NioEndpoint$SocketProcessor.doRun(NioEndpoint.java:1707)
	at org.apache.tomcat.util.net.SocketProcessorBase.run(SocketProcessorBase.java:49)
	at java.util.concurrent.ThreadPoolExecutor.runWorker(ThreadPoolExecutor.java:1149)
	at java.util.concurrent.ThreadPoolExecutor$Worker.run(ThreadPoolExecutor.java:624)
	at org.apache.tomcat.util.threads.TaskThread$WrappingRunnable.run(TaskThread.java:61)
	at java.lang.Thread.run(Thread.java:748)
[2021-04-14 11:34:36:3031091][http-nio-127.0.0.1-8081-exec-10] INFO  c.j.s.e.f.CustomAuthenticationFilter - CustomAuthenticationFilter attemptAuthentication(HttpServletRequest request, HttpServletResponse response) call
[2021-04-14 11:34:36:3031092][http-nio-127.0.0.1-8081-exec-10] INFO  c.j.s.e.p.CustomAuthenticationProvider - CustomAuthenticationProvider authenticate(Authentication authentication) call
[2021-04-14 11:34:36:3031092][http-nio-127.0.0.1-8081-exec-10] INFO  c.j.s.e.s.UserDetailsServiceImpl - UserDetailsServiceImpl loadUserByUsername(String userEmail) call
[2021-04-14 11:34:36:3031093][http-nio-127.0.0.1-8081-exec-10] ERROR c.j.s.e.e.UserNotFoundException -  NotFoundException
com.jsh.security.example.exception.UserNotFoundException: null
	at com.jsh.security.example.service.UserDetailsServiceImpl.lambda$loadUserByUsername$1(UserDetailsServiceImpl.java:30)
	at java.util.Optional.orElseThrow(Optional.java:290)
	at com.jsh.security.example.service.UserDetailsServiceImpl.loadUserByUsername(UserDetailsServiceImpl.java:30)
	at com.jsh.security.example.provider.CustomAuthenticationProvider.authenticate(CustomAuthenticationProvider.java:33)
	at org.springframework.security.authentication.ProviderManager.authenticate(ProviderManager.java:182)
	at com.jsh.security.example.filter.CustomAuthenticationFilter.attemptAuthentication(CustomAuthenticationFilter.java:31)
	at org.springframework.security.web.authentication.AbstractAuthenticationProcessingFilter.doFilter(AbstractAuthenticationProcessingFilter.java:222)
	at org.springframework.security.web.authentication.AbstractAuthenticationProcessingFilter.doFilter(AbstractAuthenticationProcessingFilter.java:212)
	at org.springframework.security.web.FilterChainProxy$VirtualFilterChain.doFilter(FilterChainProxy.java:336)
	at org.springframework.security.web.authentication.logout.LogoutFilter.doFilter(LogoutFilter.java:103)
	at org.springframework.security.web.authentication.logout.LogoutFilter.doFilter(LogoutFilter.java:89)
	at org.springframework.security.web.FilterChainProxy$VirtualFilterChain.doFilter(FilterChainProxy.java:336)
	at org.springframework.security.web.header.HeaderWriterFilter.doHeadersAfter(HeaderWriterFilter.java:90)
	at org.springframework.security.web.header.HeaderWriterFilter.doFilterInternal(HeaderWriterFilter.java:75)
	at org.springframework.web.filter.OncePerRequestFilter.doFilter(OncePerRequestFilter.java:119)
	at org.springframework.security.web.FilterChainProxy$VirtualFilterChain.doFilter(FilterChainProxy.java:336)
	at org.springframework.security.web.context.SecurityContextPersistenceFilter.doFilter(SecurityContextPersistenceFilter.java:110)
	at org.springframework.security.web.context.SecurityContextPersistenceFilter.doFilter(SecurityContextPersistenceFilter.java:80)
	at org.springframework.security.web.FilterChainProxy$VirtualFilterChain.doFilter(FilterChainProxy.java:336)
	at org.springframework.security.web.context.request.async.WebAsyncManagerIntegrationFilter.doFilterInternal(WebAsyncManagerIntegrationFilter.java:55)
	at org.springframework.web.filter.OncePerRequestFilter.doFilter(OncePerRequestFilter.java:119)
	at org.springframework.security.web.FilterChainProxy$VirtualFilterChain.doFilter(FilterChainProxy.java:336)
	at org.springframework.security.web.FilterChainProxy.doFilterInternal(FilterChainProxy.java:211)
	at org.springframework.security.web.FilterChainProxy.doFilter(FilterChainProxy.java:183)
	at org.springframework.web.filter.DelegatingFilterProxy.invokeDelegate(DelegatingFilterProxy.java:358)
	at org.springframework.web.filter.DelegatingFilterProxy.doFilter(DelegatingFilterProxy.java:271)
	at org.apache.catalina.core.ApplicationFilterChain.internalDoFilter(ApplicationFilterChain.java:189)
	at org.apache.catalina.core.ApplicationFilterChain.doFilter(ApplicationFilterChain.java:162)
	at org.springframework.web.filter.RequestContextFilter.doFilterInternal(RequestContextFilter.java:100)
	at org.springframework.web.filter.OncePerRequestFilter.doFilter(OncePerRequestFilter.java:119)
	at org.apache.catalina.core.ApplicationFilterChain.internalDoFilter(ApplicationFilterChain.java:189)
	at org.apache.catalina.core.ApplicationFilterChain.doFilter(ApplicationFilterChain.java:162)
	at org.springframework.web.filter.FormContentFilter.doFilterInternal(FormContentFilter.java:93)
	at org.springframework.web.filter.OncePerRequestFilter.doFilter(OncePerRequestFilter.java:119)
	at org.apache.catalina.core.ApplicationFilterChain.internalDoFilter(ApplicationFilterChain.java:189)
	at org.apache.catalina.core.ApplicationFilterChain.doFilter(ApplicationFilterChain.java:162)
	at org.springframework.web.filter.CharacterEncodingFilter.doFilterInternal(CharacterEncodingFilter.java:201)
	at org.springframework.web.filter.OncePerRequestFilter.doFilter(OncePerRequestFilter.java:119)
	at org.apache.catalina.core.ApplicationFilterChain.internalDoFilter(ApplicationFilterChain.java:189)
	at org.apache.catalina.core.ApplicationFilterChain.doFilter(ApplicationFilterChain.java:162)
	at org.apache.catalina.core.StandardWrapperValve.invoke(StandardWrapperValve.java:202)
	at org.apache.catalina.core.StandardContextValve.invoke(StandardContextValve.java:97)
	at org.apache.catalina.authenticator.AuthenticatorBase.invoke(AuthenticatorBase.java:542)
	at org.apache.catalina.core.StandardHostValve.invoke(StandardHostValve.java:143)
	at org.apache.catalina.valves.ErrorReportValve.invoke(ErrorReportValve.java:92)
	at org.apache.catalina.core.StandardEngineValve.invoke(StandardEngineValve.java:78)
	at org.apache.catalina.connector.CoyoteAdapter.service(CoyoteAdapter.java:357)
	at org.apache.coyote.http11.Http11Processor.service(Http11Processor.java:374)
	at org.apache.coyote.AbstractProcessorLight.process(AbstractProcessorLight.java:65)
	at org.apache.coyote.AbstractProtocol$ConnectionHandler.process(AbstractProtocol.java:893)
	at org.apache.tomcat.util.net.NioEndpoint$SocketProcessor.doRun(NioEndpoint.java:1707)
	at org.apache.tomcat.util.net.SocketProcessorBase.run(SocketProcessorBase.java:49)
	at java.util.concurrent.ThreadPoolExecutor.runWorker(ThreadPoolExecutor.java:1149)
	at java.util.concurrent.ThreadPoolExecutor$Worker.run(ThreadPoolExecutor.java:624)
	at org.apache.tomcat.util.threads.TaskThread$WrappingRunnable.run(TaskThread.java:61)
	at java.lang.Thread.run(Thread.java:748)
[2021-04-14 11:36:29:639][main] INFO  c.jsh.security.example.Application - Starting Application using Java 1.8.0_191 on DESKTOP-7ECUB86 with PID 51956 (D:\Documents\GitHub\security.example\build\classes\java\main started by DEV_PC in D:\Documents\GitHub\security.example)
[2021-04-14 11:36:29:641][main] INFO  c.jsh.security.example.Application - No active profile set, falling back to default profiles: default
[2021-04-14 11:36:31:2518][main] INFO  c.j.s.e.config.WebSecurityConfig - CustomAuthenticationFilter customAuthenticationFilter() call
[2021-04-14 11:36:31:2521][main] INFO  c.j.s.e.config.WebSecurityConfig - configure(AuthenticationManagerBuilder auth) call
[2021-04-14 11:36:32:3976][main] INFO  c.j.s.e.f.CustomAuthenticationFilter - CustomAuthenticationFilter CustomAuthenticationFilter(AuthenticationManager authenticationManager) call
[2021-04-14 11:36:32:3976][main] INFO  c.j.s.e.config.WebSecurityConfig - CustomAuthenticationFilter customLoginSuccessHandler() call
[2021-04-14 11:36:32:4132][main] INFO  c.j.s.e.config.WebSecurityConfig - WebSecurityConfig configure(HttpSecurity http) call
[2021-04-14 11:36:32:4139][main] INFO  c.j.s.e.config.WebSecurityConfig - WebSecurityConfig configure(WebSecurity web)
[2021-04-14 11:36:33:4360][main] INFO  c.j.s.example.config.WebMvcConfig - WebMvcConfig addViewControllers call
[2021-04-14 11:36:33:4370][main] INFO  c.j.s.example.config.WebMvcConfig - WebMvcConfig addResourceHandlers call
[2021-04-14 11:36:33:4507][main] INFO  c.jsh.security.example.Application - Started Application in 4.305 seconds (JVM running for 4.734)
[2021-04-14 11:36:39:10572][http-nio-127.0.0.1-8081-exec-2] INFO  c.j.s.e.f.CustomAuthenticationFilter - CustomAuthenticationFilter attemptAuthentication(HttpServletRequest request, HttpServletResponse response) call
[2021-04-14 11:36:39:10573][http-nio-127.0.0.1-8081-exec-2] INFO  c.j.s.e.p.CustomAuthenticationProvider - CustomAuthenticationProvider authenticate(Authentication authentication) call
[2021-04-14 11:36:39:10574][http-nio-127.0.0.1-8081-exec-2] INFO  c.j.s.e.s.UserDetailsServiceImpl - UserDetailsServiceImpl loadUserByUsername(String userEmail) call
[2021-04-14 11:36:39:10808][http-nio-127.0.0.1-8081-exec-2] INFO  c.j.s.e.h.CustomLoginSuccessHanlder - CustomLoginSuccessHanlder onAuthenticationSuccess call
[2021-04-14 11:52:55:622][main] INFO  c.jsh.security.example.Application - Starting Application using Java 1.8.0_191 on DESKTOP-7ECUB86 with PID 86200 (D:\Documents\GitHub\security.example\build\classes\java\main started by DEV_PC in D:\Documents\GitHub\security.example)
[2021-04-14 11:52:55:624][main] INFO  c.jsh.security.example.Application - No active profile set, falling back to default profiles: default
[2021-04-14 11:52:58:3833][main] INFO  c.j.s.e.config.WebSecurityConfig - Web Security Provider 설정
[2021-04-14 11:52:58:3843][main] INFO  c.j.s.e.config.WebSecurityConfig - AuthenticationFilter 설정
[2021-04-14 11:52:58:3991][main] INFO  c.j.s.e.config.WebSecurityConfig - Login Authorization 설정
[2021-04-14 11:52:58:3998][main] INFO  c.j.s.e.config.WebSecurityConfig - 정적 자원에 대한 Security 설정을 적용하지 않음
[2021-04-14 11:52:58:4205][main] INFO  c.j.s.example.config.WebMvcConfig - WebMvcConfig addViewControllers call
[2021-04-14 11:52:58:4213][main] INFO  c.j.s.example.config.WebMvcConfig - WebMvcConfig addResourceHandlers call
[2021-04-14 11:52:58:4346][main] INFO  c.jsh.security.example.Application - Started Application in 4.153 seconds (JVM running for 4.561)
[2021-04-14 11:56:05:652][main] INFO  c.jsh.security.example.Application - Starting Application using Java 1.8.0_191 on DESKTOP-7ECUB86 with PID 73016 (D:\Documents\GitHub\security.example\build\classes\java\main started by DEV_PC in D:\Documents\GitHub\security.example)
[2021-04-14 11:56:05:655][main] INFO  c.jsh.security.example.Application - No active profile set, falling back to default profiles: default
[2021-04-14 11:56:08:4117][main] INFO  c.j.s.e.config.WebSecurityConfig - 1. Web Security Provider 설정
[2021-04-14 11:56:08:4127][main] INFO  c.j.s.e.config.WebSecurityConfig - 2. AuthenticationFilter 설정
[2021-04-14 11:56:08:4272][main] INFO  c.j.s.e.config.WebSecurityConfig - 3. Login Authorization 설정
[2021-04-14 11:56:08:4282][main] INFO  c.j.s.e.config.WebSecurityConfig - 4. 정적 자원에 대한 Security 설정을 적용하지 않음
[2021-04-14 11:56:09:4657][main] INFO  c.jsh.security.example.Application - Started Application in 4.449 seconds (JVM running for 4.882)
[2021-04-14 11:56:16:11420][http-nio-127.0.0.1-8081-exec-3] INFO  c.j.s.e.f.CustomAuthenticationFilter - authenticationToken 생성 : UsernamePasswordAuthenticationToken [Principal=user@naver.com, Credentials=[PROTECTED], Authenticated=false, Details=null, Granted Authorities=[]]
[2021-04-14 11:56:16:11421][http-nio-127.0.0.1-8081-exec-3] INFO  c.j.s.e.f.CustomAuthenticationFilter - 생성 된 authenticationToken 주입
[2021-04-14 11:56:16:11421][http-nio-127.0.0.1-8081-exec-3] INFO  c.j.s.e.s.UserDetailsServiceImpl - User 정보 조회 후 UserDetailsVO 로 형변환
[2021-04-14 11:56:16:11565][http-nio-127.0.0.1-8081-exec-3] INFO  c.j.s.e.p.CustomAuthenticationProvider - 전달 된 비밀번호와 조회 된 비밀번호를 비교
[2021-04-14 11:56:16:11636][http-nio-127.0.0.1-8081-exec-3] INFO  c.j.s.e.p.CustomAuthenticationProvider - UsernamePasswordAuthenticationToken 정보 Return
[2021-04-14 11:56:16:11637][http-nio-127.0.0.1-8081-exec-3] INFO  c.j.s.e.h.CustomLoginSuccessHanlder - CustomLoginSuccessHanlder onAuthenticationSuccess call
[2021-04-14 11:56:30:633][main] INFO  c.jsh.security.example.Application - Starting Application using Java 1.8.0_191 on DESKTOP-7ECUB86 with PID 16324 (D:\Documents\GitHub\security.example\build\classes\java\main started by DEV_PC in D:\Documents\GitHub\security.example)
[2021-04-14 11:56:30:635][main] INFO  c.jsh.security.example.Application - No active profile set, falling back to default profiles: default
[2021-04-14 11:56:33:3878][main] INFO  c.j.s.e.config.WebSecurityConfig - 1. Web Security Provider 설정
[2021-04-14 11:56:33:3887][main] INFO  c.j.s.e.config.WebSecurityConfig - 2. AuthenticationFilter 설정
[2021-04-14 11:56:33:4023][main] INFO  c.j.s.e.config.WebSecurityConfig - 3. Login Authorization 설정
[2021-04-14 11:56:33:4030][main] INFO  c.j.s.e.config.WebSecurityConfig - 4. 정적 자원에 대한 Security 설정을 적용하지 않음
[2021-04-14 11:56:34:4378][main] INFO  c.jsh.security.example.Application - Started Application in 4.182 seconds (JVM running for 4.612)
[2021-04-14 11:57:23:54312][http-nio-127.0.0.1-8081-exec-6] INFO  c.j.s.e.f.CustomAuthenticationFilter - authenticationToken 생성 : UsernamePasswordAuthenticationToken [Principal=user@naver.com, Credentials=[PROTECTED], Authenticated=false, Details=null, Granted Authorities=[]]
[2021-04-14 11:57:23:54313][http-nio-127.0.0.1-8081-exec-6] INFO  c.j.s.e.f.CustomAuthenticationFilter - 생성 된 authenticationToken 주입
[2021-04-14 11:57:23:54313][http-nio-127.0.0.1-8081-exec-6] INFO  c.j.s.e.s.UserDetailsServiceImpl - User 정보 조회 후 UserDetailsVO 로 형변환
[2021-04-14 11:57:24:54462][http-nio-127.0.0.1-8081-exec-6] INFO  c.j.s.e.p.CustomAuthenticationProvider - 전달 된 비밀번호와 조회 된 비밀번호를 비교
[2021-04-14 11:57:24:54534][http-nio-127.0.0.1-8081-exec-6] INFO  c.j.s.e.p.CustomAuthenticationProvider - UsernamePasswordAuthenticationToken 정보 Return
[2021-04-14 11:57:24:54534][http-nio-127.0.0.1-8081-exec-6] INFO  c.j.s.e.h.CustomLoginSuccessHanlder - CustomLoginSuccessHanlder onAuthenticationSuccess call
[2021-04-14 11:58:14:636][main] INFO  c.jsh.security.example.Application - Starting Application using Java 1.8.0_191 on DESKTOP-7ECUB86 with PID 62860 (D:\Documents\GitHub\security.example\build\classes\java\main started by DEV_PC in D:\Documents\GitHub\security.example)
[2021-04-14 11:58:14:638][main] INFO  c.jsh.security.example.Application - No active profile set, falling back to default profiles: default
[2021-04-14 11:58:17:4010][main] INFO  c.j.s.e.config.WebSecurityConfig - 1. Web Security Provider 설정
[2021-04-14 11:58:17:4035][main] INFO  c.j.s.e.config.WebSecurityConfig - 2. AuthenticationFilter 설정
[2021-04-14 11:58:18:4164][main] INFO  c.j.s.e.config.WebSecurityConfig - 3. Login Authorization 설정
[2021-04-14 11:58:18:4171][main] INFO  c.j.s.e.config.WebSecurityConfig - 4. 정적 자원에 대한 Security 설정을 적용하지 않음
[2021-04-14 11:58:18:4547][main] INFO  c.jsh.security.example.Application - Started Application in 4.349 seconds (JVM running for 4.769)
[2021-04-14 11:58:24:10497][http-nio-127.0.0.1-8081-exec-8] INFO  c.j.s.e.f.CustomAuthenticationFilter - 1. authenticationToken 생성 : UsernamePasswordAuthenticationToken [Principal=user@naver.com, Credentials=[PROTECTED], Authenticated=false, Details=null, Granted Authorities=[]]
[2021-04-14 11:58:24:10498][http-nio-127.0.0.1-8081-exec-8] INFO  c.j.s.e.f.CustomAuthenticationFilter - 2. 생성 된 authenticationToken 주입
[2021-04-14 11:58:24:10498][http-nio-127.0.0.1-8081-exec-8] INFO  c.j.s.e.s.UserDetailsServiceImpl - 3. User 정보 조회 후 UserDetailsVO 로 형변환
[2021-04-14 11:58:24:10653][http-nio-127.0.0.1-8081-exec-8] INFO  c.j.s.e.p.CustomAuthenticationProvider - 4. 전달 된 비밀번호와 조회 된 비밀번호를 비교
[2021-04-14 11:58:24:10726][http-nio-127.0.0.1-8081-exec-8] INFO  c.j.s.e.p.CustomAuthenticationProvider - 5. UsernamePasswordAuthenticationToken 정보 Return
[2021-04-14 11:58:24:10726][http-nio-127.0.0.1-8081-exec-8] INFO  c.j.s.e.h.CustomLoginSuccessHanlder - 6. /about page로 이동
[2021-04-14 15:06:25:817][main] INFO  c.jsh.security.example.Application - Starting Application using Java 1.8.0_191 on DESKTOP-7ECUB86 with PID 39872 (D:\Documents\GitHub\security.example\build\classes\java\main started by DEV_PC in D:\Documents\GitHub\security.example)
[2021-04-14 15:06:25:820][main] INFO  c.jsh.security.example.Application - No active profile set, falling back to default profiles: default
[2021-04-14 15:06:28:4466][main] INFO  c.j.s.e.config.WebSecurityConfig - 1. Web Security Provider 설정
[2021-04-14 15:06:28:4475][main] INFO  c.j.s.e.config.WebSecurityConfig - 2. AuthenticationFilter 설정
[2021-04-14 15:06:29:4606][main] INFO  c.j.s.e.config.WebSecurityConfig - 3. Login Authorization 설정
[2021-04-14 15:06:29:4614][main] INFO  c.j.s.e.config.WebSecurityConfig - 4. 정적 자원에 대한 Security 설정을 적용하지 않음
[2021-04-14 15:06:29:5078][main] INFO  c.jsh.security.example.Application - Started Application in 4.857 seconds (JVM running for 5.326)
[2021-04-14 15:06:35:11363][http-nio-127.0.0.1-8081-exec-7] INFO  c.j.s.e.f.CustomAuthenticationFilter - 1. authenticationToken 생성 : UsernamePasswordAuthenticationToken [Principal=user@naver.com, Credentials=[PROTECTED], Authenticated=false, Details=null, Granted Authorities=[]]
[2021-04-14 15:06:35:11364][http-nio-127.0.0.1-8081-exec-7] INFO  c.j.s.e.f.CustomAuthenticationFilter - 2. 생성 된 authenticationToken 주입
[2021-04-14 15:06:35:11364][http-nio-127.0.0.1-8081-exec-7] INFO  c.j.s.e.s.UserDetailsServiceImpl - 3. User 정보 조회 후 UserDetailsVO 로 형변환
[2021-04-14 15:06:36:11516][http-nio-127.0.0.1-8081-exec-7] INFO  c.j.s.e.p.CustomAuthenticationProvider - 4. 전달 된 비밀번호와 조회 된 비밀번호를 비교
[2021-04-14 15:06:36:11586][http-nio-127.0.0.1-8081-exec-7] INFO  c.j.s.e.p.CustomAuthenticationProvider - 5. UsernamePasswordAuthenticationToken 정보 Return
[2021-04-14 15:06:36:11587][http-nio-127.0.0.1-8081-exec-7] INFO  c.j.s.e.h.CustomLoginSuccessHanlder - 6. /about page로 이동
